<?xml version="1.0" encoding="UTF-8"?>
<!-- Generated by org.testng.reporters.JUnitReportReporter -->
<testsuite hostname="DESKTOP-52GUJ27" failures="0" tests="4" name="testNG_keyword.Enabled_use" time="0.022" errors="0" timestamp="2022-06-12T22:56:17 IST" skipped="2">
  <testcase classname="testNG_keyword.Enabled_use" name="D" time="0.003"/>
  <system-out>
    <![CDATA[D is running]]>
  </system-out>
  <testcase classname="testNG_keyword.Enabled_use" name="C" time="0.019"/>
  <system-out>
    <![CDATA[C is running]]>
  </system-out>
  <testcase classname="testNG_keyword.Enabled_use" name="B">
    <skipped/>
  </testcase> <!-- B -->
  <system-out/>
  <testcase classname="testNG_keyword.Enabled_use" name="A">
    <skipped/>
  </testcase> <!-- A -->
  <system-out/>
</testsuite> <!-- testNG_keyword.Enabled_use -->
