<?xml version="1.0" encoding="UTF-8"?>
<!-- Generated by org.testng.reporters.JUnitReportReporter -->
<testsuite hostname="DESKTOP-52GUJ27" failures="0" tests="4" name="testNG_keyword.Priority_use" time="0.036" errors="0" timestamp="2022-06-12T22:34:00 IST" skipped="0">
  <testcase classname="testNG_keyword.Priority_use" name="D" time="0.025"/>
  <system-out>
    <![CDATA[D is running]]>
  </system-out>
  <testcase classname="testNG_keyword.Priority_use" name="C" time="0.004"/>
  <system-out>
    <![CDATA[C is running]]>
  </system-out>
  <testcase classname="testNG_keyword.Priority_use" name="A" time="0.005"/>
  <system-out>
    <![CDATA[A is running]]>
  </system-out>
  <testcase classname="testNG_keyword.Priority_use" name="B" time="0.002"/>
  <system-out>
    <![CDATA[B is running]]>
  </system-out>
</testsuite> <!-- testNG_keyword.Priority_use -->
