<?xml version="1.0" encoding="UTF-8"?>
<!-- Generated by org.testng.reporters.JUnitReportReporter -->
<testsuite hostname="DESKTOP-52GUJ27" failures="0" tests="3" name="soft_assert.Equal_notEqual" time="0.039" errors="0" timestamp="2022-06-16T13:37:30 IST" skipped="0">
  <testcase classname="soft_assert.Equal_notEqual" name="TestCase" time="0.029"/>
  <system-out/>
  <testcase classname="soft_assert.Equal_notEqual" name="Testcase1" time="0.005"/>
  <system-out/>
  <testcase classname="soft_assert.Equal_notEqual" name="TestCase2" time="0.005"/>
  <system-out/>
</testsuite> <!-- soft_assert.Equal_notEqual -->
