<?xml version="1.0" encoding="UTF-8"?>
<!-- Generated by org.testng.reporters.JUnitReportReporter -->
<testsuite hostname="DESKTOP-52GUJ27" failures="0" tests="3" name="tsetNG.Test_class" time="163.164" errors="0" timestamp="2022-06-12T22:24:33 IST" skipped="0">
  <testcase classname="tsetNG.Test_class" name="mymethod" time="42.610"/>
  <system-out/>
  <testcase classname="tsetNG.Test_class" name="mymethod2" time="32.027"/>
  <system-out>
    <![CDATA[Method2 is running]]>
  </system-out>
  <testcase classname="tsetNG.Test_class" name="mymethod3" time="88.527"/>
  <system-out>
    <![CDATA[method 3 is running]]>
  </system-out>
</testsuite> <!-- tsetNG.Test_class -->
