<?xml version="1.0" encoding="UTF-8"?>
<!-- Generated by org.testng.reporters.JUnitReportReporter -->
<testsuite hostname="DESKTOP-52GUJ27" failures="0" tests="1" name="kiteAppTestClassNG.validateKiteUNusingProperties" time="12.282" errors="0" timestamp="2022-06-22T17:39:59 IST" skipped="0">
  <testcase classname="kiteAppTestClassNG.validateKiteUNusingProperties" name="validateUserId" time="12.282"/>
  <system-out>
    <![CDATA[result is match TC is pass]]>
  </system-out>
</testsuite> <!-- kiteAppTestClassNG.validateKiteUNusingProperties -->
