<?xml version="1.0" encoding="UTF-8"?>
<!-- Generated by org.testng.reporters.JUnitReportReporter -->
<testsuite hostname="DESKTOP-52GUJ27" failures="0" tests="1" name="verification_using_testNG.AssertTrueAndAssertFalse" time="0.029" errors="0" timestamp="2022-06-16T13:07:27 IST" skipped="0">
  <testcase classname="verification_using_testNG.AssertTrueAndAssertFalse" name="testCase" time="0.029"/>
  <system-out>
    <![CDATA[value is false TC is PASSED]]>
  </system-out>
</testsuite> <!-- verification_using_testNG.AssertTrueAndAssertFalse -->
