<?xml version="1.0" encoding="UTF-8"?>
<!-- Generated by org.testng.reporters.JUnitReportReporter -->
<testsuite hostname="DESKTOP-52GUJ27" failures="0" tests="1" name="verification_using_testNG.AssertNullAndAssertNotNull" time="0.020" errors="0" timestamp="2022-06-15T23:22:18 IST" skipped="0">
  <testcase classname="verification_using_testNG.AssertNullAndAssertNotNull" name="MyTestCase3" time="0.020"/>
  <system-out>
    <![CDATA[value is null Tc is passed]]>
  </system-out>
</testsuite> <!-- verification_using_testNG.AssertNullAndAssertNotNull -->
