<?xml version="1.0" encoding="UTF-8"?>
<!-- Generated by org.testng.reporters.JUnitReportReporter -->
<testsuite hostname="DESKTOP-52GUJ27" failures="0" tests="2" name="tsetNG.Annotation_study" time="0.025" errors="0" timestamp="2022-06-12T22:12:14 IST" skipped="0">
  <testcase classname="tsetNG.Annotation_study" name="Test1" time="0.009"/>
  <system-out>
    <![CDATA[Test1 method is running]]>
  </system-out>
  <testcase classname="tsetNG.Annotation_study" name="Test" time="0.016"/>
  <system-out>
    <![CDATA[Test method is running]]>
  </system-out>
</testsuite> <!-- tsetNG.Annotation_study -->
