<?xml version="1.0" encoding="UTF-8"?>
<!-- Generated by org.testng.reporters.JUnitReportReporter -->
<testsuite hostname="DESKTOP-52GUJ27" failures="0" tests="3" name="testNG_keyword.Invocation_count_use" time="0.015" errors="0" timestamp="2022-06-12T22:27:48 IST" skipped="0">
  <testcase classname="testNG_keyword.Invocation_count_use" name="Test" time="0.003"/>
  <system-out>
    <![CDATA[Test method is running]]>
  </system-out>
  <testcase classname="testNG_keyword.Invocation_count_use" name="Test" time="0.009"/>
  <system-out>
    <![CDATA[Test method is running]]>
  </system-out>
  <testcase classname="testNG_keyword.Invocation_count_use" name="Test" time="0.003"/>
  <system-out>
    <![CDATA[Test method is running]]>
  </system-out>
</testsuite> <!-- testNG_keyword.Invocation_count_use -->
