<?xml version="1.0" encoding="UTF-8"?>
<!-- Generated by org.testng.reporters.JUnitReportReporter -->
<testsuite hostname="DESKTOP-52GUJ27" failures="0" tests="1" name="kiteWithTestClassNG.KiteTestClassUsingTestNG" time="6.789" errors="0" timestamp="2022-06-21T00:25:35 IST" skipped="0">
  <testcase classname="kiteWithTestClassNG.KiteTestClassUsingTestNG" name="validatesUserName" time="6.789"/>
  <system-out>
    <![CDATA[validating userID
string is match TC is pass]]>
  </system-out>
</testsuite> <!-- kiteWithTestClassNG.KiteTestClassUsingTestNG -->
