<?xml version="1.0" encoding="UTF-8"?>
<!-- Generated by org.testng.reporters.JUnitReportReporter -->
<testsuite hostname="DESKTOP-52GUJ27" failures="0" tests="2" name="xml_study.XML_study1" time="0.004" errors="0" timestamp="2022-06-13T19:04:22 IST" skipped="0">
  <testcase classname="xml_study.XML_study1" name="Test1" time="0.002"/>
  <system-out>
    <![CDATA[Test1 Method is running]]>
  </system-out>
  <testcase classname="xml_study.XML_study1" name="Test3" time="0.002"/>
  <system-out>
    <![CDATA[Test3 method is running]]>
  </system-out>
</testsuite> <!-- xml_study.XML_study1 -->
