<?xml version="1.0" encoding="UTF-8"?>
<!-- Generated by org.testng.reporters.JUnitReportReporter -->
<testsuite hostname="DESKTOP-52GUJ27" failures="0" tests="3" name="testNG_keyword.Time_out_use" time="1.271" errors="0" timestamp="2022-06-12T23:29:55 IST" skipped="0">
  <testcase classname="testNG_keyword.Time_out_use" name="C" time="0.003"/>
  <system-out>
    <![CDATA[C is running]]>
  </system-out>
  <testcase classname="testNG_keyword.Time_out_use" name="B" time="0.003"/>
  <system-out>
    <![CDATA[B method is running]]>
  </system-out>
  <testcase classname="testNG_keyword.Time_out_use" name="A" time="1.265"/>
  <system-out>
    <![CDATA[A method is running]]>
  </system-out>
</testsuite> <!-- testNG_keyword.Time_out_use -->
