<?xml version="1.0" encoding="UTF-8"?>
<!-- Generated by org.testng.reporters.JUnitReportReporter -->
<testsuite hostname="DESKTOP-52GUJ27" failures="0" tests="1" name="parallel_execution.MyClass1" time="39.404" errors="0" timestamp="2022-06-14T21:17:03 IST" skipped="0">
  <testcase classname="parallel_execution.MyClass1" name="Method" time="39.404"/>
  <system-out>
    <![CDATA[my method is running]]>
  </system-out>
</testsuite> <!-- parallel_execution.MyClass1 -->
