<?xml version="1.0" encoding="UTF-8"?>
<!-- Generated by org.testng.reporters.JUnitReportReporter -->
<testsuite hostname="DESKTOP-52GUJ27" failures="0" tests="1" name="kiteAppTestClassNG.ValidatesKiteUserId" time="25.359" errors="0" timestamp="2022-06-22T16:27:48 IST" skipped="0">
  <testcase classname="kiteAppTestClassNG.ValidatesKiteUserId" name="validateUseName" time="25.359"/>
  <system-out>
    <![CDATA[username is match TC is pass]]>
  </system-out>
</testsuite> <!-- kiteAppTestClassNG.ValidatesKiteUserId -->
