<?xml version="1.0" encoding="UTF-8"?>
<!-- Generated by org.testng.reporters.JUnitReportReporter -->
<testsuite hostname="DESKTOP-52GUJ27" failures="0" tests="1" name="parallel_execution.MyClass2" time="20.262" errors="0" timestamp="2022-06-14T21:17:04 IST" skipped="0">
  <testcase classname="parallel_execution.MyClass2" name="method1" time="20.262"/>
  <system-out>
    <![CDATA[my method1 is running]]>
  </system-out>
</testsuite> <!-- parallel_execution.MyClass2 -->
