<?xml version="1.0" encoding="UTF-8"?>
<!-- Generated by org.testng.reporters.JUnitReportReporter -->
<testsuite hostname="DESKTOP-52GUJ27" failures="0" tests="2" name="testNGListener.Test2" time="0.030" errors="0" timestamp="2022-06-24T18:40:27 IST" skipped="0">
  <testcase classname="testNGListener.Test2" name="class1" time="0.019"/>
  <system-out>
    <![CDATA[my name is class1
TC is passed
pass TC name is class1]]>
  </system-out>
  <testcase classname="testNGListener.Test2" name="class2" time="0.011"/>
  <system-out>
    <![CDATA[my name is class2
TC is passed
pass TC name is class2]]>
  </system-out>
</testsuite> <!-- testNGListener.Test2 -->
