<?xml version="1.0" encoding="UTF-8"?>
<!-- Generated by org.testng.reporters.JUnitReportReporter -->
<testsuite hostname="DESKTOP-52GUJ27" failures="0" tests="4" name="xml_study.Study4" time="0.016" errors="0" timestamp="2022-06-14T20:15:01 IST" skipped="0">
  <testcase classname="xml_study.Study4" name="Test8" time="0.002"/>
  <system-out>
    <![CDATA[Test8 regression method is running]]>
  </system-out>
  <testcase classname="xml_study.Study4" name="Test5" time="0.003"/>
  <system-out>
    <![CDATA[Test5 sanity method is running]]>
  </system-out>
  <testcase classname="xml_study.Study4" name="Test7" time="0.002"/>
  <system-out>
    <![CDATA[Test7 regression method is running]]>
  </system-out>
  <testcase classname="xml_study.Study4" name="Test9" time="0.009"/>
  <system-out>
    <![CDATA[Test9 sanity method is running]]>
  </system-out>
</testsuite> <!-- xml_study.Study4 -->
