<?xml version="1.0" encoding="UTF-8"?>
<!-- Generated by org.testng.reporters.JUnitReportReporter -->
<testsuite hostname="DESKTOP-52GUJ27" failures="0" tests="2" name="xml_study.Xml_study2" time="0.023" errors="0" timestamp="2022-06-13T19:04:22 IST" skipped="0">
  <testcase classname="xml_study.Xml_study2" name="Test7" time="0.021"/>
  <system-out>
    <![CDATA[Test7 method is running]]>
  </system-out>
  <testcase classname="xml_study.Xml_study2" name="Test9" time="0.002"/>
  <system-out>
    <![CDATA[Test9 method is running]]>
  </system-out>
</testsuite> <!-- xml_study.Xml_study2 -->
