<?xml version="1.0" encoding="UTF-8"?>
<!-- Generated by org.testng.reporters.JUnitReportReporter -->
<testsuite hostname="DESKTOP-52GUJ27" failures="0" tests="3" name="xml_study.Study3" time="0.027" errors="0" timestamp="2022-06-14T20:15:01 IST" skipped="0">
  <testcase classname="xml_study.Study3" name="Test3" time="0.002"/>
  <system-out>
    <![CDATA[Test3 regression method is running]]>
  </system-out>
  <testcase classname="xml_study.Study3" name="Test4" time="0.006"/>
  <system-out>
    <![CDATA[Test4 regression method is running]]>
  </system-out>
  <testcase classname="xml_study.Study3" name="Test1" time="0.019"/>
  <system-out>
    <![CDATA[Test1 sanity method is running]]>
  </system-out>
</testsuite> <!-- xml_study.Study3 -->
